# JRE version: OpenJDK Runtime Environment (11.0.15) (build 11.0.15+0-b2043.56-9505619)
# Java VM: OpenJDK 64-Bit Server VM (11.0.15+0-b2043.56-9505619, mixed mode, tiered, compressed oops, g1 gc, windows-amd64)
Heap:
 garbage-first heap   total 251904K, used 155282K [0x0000000080000000, 0x0000000100000000)
  region size 1024K, 7 young (7168K), 4 survivors (4096K)
 Metaspace       used 126867K, capacity 131064K, committed 138024K, reserved 1167360K
  class space    used 16319K, capacity 17954K, committed 20608K, reserved 1048576K
GC Heap History (20 events):
Event: 269.181 GC heap before
{Heap before GC invocations=27 (full 0):
 garbage-first heap   total 251904K, used 204906K [0x0000000080000000, 0x0000000100000000)
  region size 1024K, 83 young (84992K), 10 survivors (10240K)
 Metaspace       used 117957K, capacity 122463K, committed 122792K, reserved 1155072K
  class space    used 15341K, capacity 17061K, committed 17152K, reserved 1048576K
}
Event: 269.201 GC heap after
{Heap after GC invocations=28 (full 0):
 garbage-first heap   total 251904K, used 139547K [0x0000000080000000, 0x0000000100000000)
  region size 1024K, 11 young (11264K), 11 survivors (11264K)
 Metaspace       used 117957K, capacity 122463K, committed 122792K, reserved 1155072K
  class space    used 15341K, capacity 17061K, committed 17152K, reserved 1048576K
}
Event: 269.208 GC heap before
{Heap before GC invocations=28 (full 0):
 garbage-first heap   total 251904K, used 140571K [0x0000000080000000, 0x0000000100000000)
  region size 1024K, 12 young (12288K), 11 survivors (11264K)
 Metaspace       used 117966K, capacity 122527K, committed 122792K, reserved 1155072K
  class space    used 15341K, capacity 17061K, committed 17152K, reserved 1048576K
}
Event: 269.222 GC heap after
{Heap after GC invocations=29 (full 0):
 garbage-first heap   total 251904K, used 137499K [0x0000000080000000, 0x0000000100000000)
  region size 1024K, 2 young (2048K), 2 survivors (2048K)
 Metaspace       used 117966K, capacity 122527K, committed 122792K, reserved 1155072K
  class space    used 15341K, capacity 17061K, committed 17152K, reserved 1048576K
}
Event: 270.046 GC heap before
{Heap before GC invocations=29 (full 0):
 garbage-first heap   total 251904K, used 198939K [0x0000000080000000, 0x0000000100000000)
  region size 1024K, 63 young (64512K), 2 survivors (2048K)
 Metaspace       used 125575K, capacity 131836K, committed 132008K, reserved 1161216K
  class space    used 16998K, capacity 19589K, committed 19712K, reserved 1048576K
}
Event: 270.067 GC heap after
{Heap after GC invocations=30 (full 0):
 garbage-first heap   total 251904K, used 140890K [0x0000000080000000, 0x0000000100000000)
  region size 1024K, 5 young (5120K), 5 survivors (5120K)
 Metaspace       used 125575K, capacity 131836K, committed 132008K, reserved 1161216K
  class space    used 16998K, capacity 19589K, committed 19712K, reserved 1048576K
}
Event: 270.831 GC heap before
{Heap before GC invocations=31 (full 0):
 garbage-first heap   total 251904K, used 202330K [0x0000000080000000, 0x0000000100000000)
  region size 1024K, 66 young (67584K), 5 survivors (5120K)
 Metaspace       used 127864K, capacity 134155K, committed 134312K, reserved 1163264K
  class space    used 17223K, capacity 19822K, committed 19968K, reserved 1048576K
}
Event: 270.839 GC heap after
{Heap after GC invocations=32 (full 0):
 garbage-first heap   total 251904K, used 142907K [0x0000000080000000, 0x0000000100000000)
  region size 1024K, 7 young (7168K), 7 survivors (7168K)
 Metaspace       used 127864K, capacity 134155K, committed 134312K, reserved 1163264K
  class space    used 17223K, capacity 19822K, committed 19968K, reserved 1048576K
}
Event: 270.869 GC heap before
{Heap before GC invocations=32 (full 0):
 garbage-first heap   total 251904K, used 147003K [0x0000000080000000, 0x0000000100000000)
  region size 1024K, 12 young (12288K), 7 survivors (7168K)
 Metaspace       used 128059K, capacity 134383K, committed 134568K, reserved 1163264K
  class space    used 17263K, capacity 19876K, committed 19968K, reserved 1048576K
}
Event: 270.877 GC heap after
{Heap after GC invocations=33 (full 0):
 garbage-first heap   total 251904K, used 146081K [0x0000000080000000, 0x0000000100000000)
  region size 1024K, 2 young (2048K), 2 survivors (2048K)
 Metaspace       used 128059K, capacity 134383K, committed 134568K, reserved 1163264K
  class space    used 17263K, capacity 19876K, committed 19968K, reserved 1048576K
}
Event: 270.946 GC heap before
{Heap before GC invocations=33 (full 0):
 garbage-first heap   total 251904K, used 151201K [0x0000000080000000, 0x0000000100000000)
  region size 1024K, 9 young (9216K), 2 survivors (2048K)
 Metaspace       used 128570K, capacity 135073K, committed 135208K, reserved 1165312K
  class space    used 17381K, capacity 20093K, committed 20096K, reserved 1048576K
}
Event: 270.955 GC heap after
{Heap after GC invocations=34 (full 0):
 garbage-first heap   total 251904K, used 147489K [0x0000000080000000, 0x0000000100000000)
  region size 1024K, 4 young (4096K), 4 survivors (4096K)
 Metaspace       used 128570K, capacity 135073K, committed 135208K, reserved 1165312K
  class space    used 17381K, capacity 20093K, committed 20096K, reserved 1048576K
}
Event: 531.511 GC heap before
{Heap before GC invocations=35 (full 0):
 garbage-first heap   total 251904K, used 204833K [0x0000000080000000, 0x0000000100000000)
  region size 1024K, 40 young (40960K), 4 survivors (4096K)
 Metaspace       used 126536K, capacity 130953K, committed 137512K, reserved 1167360K
  class space    used 16382K, capacity 18059K, committed 20608K, reserved 1048576K
}
Event: 531.514 GC heap after
{Heap after GC invocations=36 (full 0):
 garbage-first heap   total 251904K, used 146397K [0x0000000080000000, 0x0000000100000000)
  region size 1024K, 2 young (2048K), 2 survivors (2048K)
 Metaspace       used 126536K, capacity 130953K, committed 137512K, reserved 1167360K
  class space    used 16382K, capacity 18059K, committed 20608K, reserved 1048576K
}
Event: 631.375 GC heap before
{Heap before GC invocations=36 (full 0):
 garbage-first heap   total 251904K, used 155613K [0x0000000080000000, 0x0000000100000000)
  region size 1024K, 12 young (12288K), 2 survivors (2048K)
 Metaspace       used 126725K, capacity 131273K, committed 137768K, reserved 1167360K
  class space    used 16412K, capacity 18115K, committed 20608K, reserved 1048576K
}
Event: 631.379 GC heap after
{Heap after GC invocations=37 (full 0):
 garbage-first heap   total 251904K, used 146079K [0x0000000080000000, 0x0000000100000000)
  region size 1024K, 2 young (2048K), 2 survivors (2048K)
 Metaspace       used 126725K, capacity 131273K, committed 137768K, reserved 1167360K
  class space    used 16412K, capacity 18115K, committed 20608K, reserved 1048576K
}
Event: 631.867 GC heap before
{Heap before GC invocations=37 (full 0):
 garbage-first heap   total 251904K, used 188063K [0x0000000080000000, 0x0000000100000000)
  region size 1024K, 44 young (45056K), 2 survivors (2048K)
 Metaspace       used 126992K, capacity 131476K, committed 137768K, reserved 1167360K
  class space    used 16417K, capacity 18126K, committed 20608K, reserved 1048576K
}
Event: 631.882 GC heap after
{Heap after GC invocations=38 (full 0):
 garbage-first heap   total 251904K, used 151524K [0x0000000080000000, 0x0000000100000000)
  region size 1024K, 6 young (6144K), 6 survivors (6144K)
 Metaspace       used 126992K, capacity 131476K, committed 137768K, reserved 1167360K
  class space    used 16417K, capacity 18126K, committed 20608K, reserved 1048576K
}
Event: 632.568 GC heap before
{Heap before GC invocations=39 (full 0):
 garbage-first heap   total 251904K, used 191460K [0x0000000080000000, 0x0000000100000000)
  region size 1024K, 48 young (49152K), 6 survivors (6144K)
 Metaspace       used 126860K, capacity 131064K, committed 138024K, reserved 1167360K
  class space    used 16319K, capacity 17954K, committed 20608K, reserved 1048576K
}
Event: 632.577 GC heap after
{Heap after GC invocations=40 (full 0):
 garbage-first heap   total 251904K, used 153234K [0x0000000080000000, 0x0000000100000000)
  region size 1024K, 4 young (4096K), 4 survivors (4096K)
 Metaspace       used 126860K, capacity 131064K, committed 138024K, reserved 1167360K
  class space    used 16319K, capacity 17954K, committed 20608K, reserved 1048576K
}

