# JRE version: OpenJDK Runtime Environment (11.0.15) (build 11.0.15+0-b2043.56-9505619)
# Java VM: OpenJDK 64-Bit Server VM (11.0.15+0-b2043.56-9505619, mixed mode, tiered, compressed oops, g1 gc, windows-amd64)
Heap:
 garbage-first heap   total 251904K, used 133771K [0x0000000080000000, 0x0000000100000000)
  region size 1024K, 86 young (88064K), 10 survivors (10240K)
 Metaspace       used 70787K, capacity 72633K, committed 72860K, reserved 1112064K
  class space    used 8965K, capacity 9653K, committed 9708K, reserved 1048576K
GC Heap History (16 events):
Event: 0.497 GC heap before
{Heap before GC invocations=0 (full 0):
 garbage-first heap   total 251904K, used 29696K [0x0000000080000000, 0x0000000100000000)
  region size 1024K, 24 young (24576K), 0 survivors (0K)
 Metaspace       used 9769K, capacity 9968K, committed 10112K, reserved 1058816K
  class space    used 986K, capacity 1069K, committed 1152K, reserved 1048576K
}
Event: 0.500 GC heap after
{Heap after GC invocations=1 (full 0):
 garbage-first heap   total 251904K, used 9471K [0x0000000080000000, 0x0000000100000000)
  region size 1024K, 3 young (3072K), 3 survivors (3072K)
 Metaspace       used 9769K, capacity 9968K, committed 10112K, reserved 1058816K
  class space    used 986K, capacity 1069K, committed 1152K, reserved 1048576K
}
Event: 1.679 GC heap before
{Heap before GC invocations=1 (full 0):
 garbage-first heap   total 251904K, used 108799K [0x0000000080000000, 0x0000000100000000)
  region size 1024K, 100 young (102400K), 3 survivors (3072K)
 Metaspace       used 20790K, capacity 21161K, committed 21296K, reserved 1069056K
  class space    used 2502K, capacity 2651K, committed 2688K, reserved 1048576K
}
Event: 1.686 GC heap after
{Heap after GC invocations=2 (full 0):
 garbage-first heap   total 251904K, used 17574K [0x0000000080000000, 0x0000000100000000)
  region size 1024K, 11 young (11264K), 11 survivors (11264K)
 Metaspace       used 20790K, capacity 21161K, committed 21296K, reserved 1069056K
  class space    used 2502K, capacity 2651K, committed 2688K, reserved 1048576K
}
Event: 2.063 GC heap before
{Heap before GC invocations=3 (full 0):
 garbage-first heap   total 251904K, used 56486K [0x0000000080000000, 0x0000000100000000)
  region size 1024K, 50 young (51200K), 11 survivors (11264K)
 Metaspace       used 24732K, capacity 25270K, committed 25392K, reserved 1071104K
  class space    used 3148K, capacity 3348K, committed 3456K, reserved 1048576K
}
Event: 2.069 GC heap after
{Heap after GC invocations=4 (full 0):
 garbage-first heap   total 251904K, used 18613K [0x0000000080000000, 0x0000000100000000)
  region size 1024K, 2 young (2048K), 2 survivors (2048K)
 Metaspace       used 24732K, capacity 25270K, committed 25392K, reserved 1071104K
  class space    used 3148K, capacity 3348K, committed 3456K, reserved 1048576K
}
Event: 3.017 GC heap before
{Heap before GC invocations=4 (full 0):
 garbage-first heap   total 251904K, used 99509K [0x0000000080000000, 0x0000000100000000)
  region size 1024K, 82 young (83968K), 2 survivors (2048K)
 Metaspace       used 34890K, capacity 35743K, committed 35888K, reserved 1081344K
  class space    used 4549K, capacity 4885K, committed 4992K, reserved 1048576K
}
Event: 3.026 GC heap after
{Heap after GC invocations=5 (full 0):
 garbage-first heap   total 251904K, used 22254K [0x0000000080000000, 0x0000000100000000)
  region size 1024K, 6 young (6144K), 6 survivors (6144K)
 Metaspace       used 34890K, capacity 35743K, committed 35888K, reserved 1081344K
  class space    used 4549K, capacity 4885K, committed 4992K, reserved 1048576K
}
Event: 4.222 GC heap before
{Heap before GC invocations=6 (full 0):
 garbage-first heap   total 251904K, used 128750K [0x0000000080000000, 0x0000000100000000)
  region size 1024K, 107 young (109568K), 6 survivors (6144K)
 Metaspace       used 44797K, capacity 45845K, committed 46000K, reserved 1089536K
  class space    used 5652K, capacity 6066K, committed 6144K, reserved 1048576K
}
Event: 4.230 GC heap after
{Heap after GC invocations=7 (full 0):
 garbage-first heap   total 251904K, used 30945K [0x0000000080000000, 0x0000000100000000)
  region size 1024K, 13 young (13312K), 13 survivors (13312K)
 Metaspace       used 44797K, capacity 45845K, committed 46000K, reserved 1089536K
  class space    used 5652K, capacity 6066K, committed 6144K, reserved 1048576K
}
Event: 5.277 GC heap before
{Heap before GC invocations=7 (full 0):
 garbage-first heap   total 251904K, used 165089K [0x0000000080000000, 0x0000000100000000)
  region size 1024K, 136 young (139264K), 13 survivors (13312K)
 Metaspace       used 51394K, capacity 52818K, committed 53040K, reserved 1095680K
  class space    used 6477K, capacity 7023K, committed 7040K, reserved 1048576K
}
Event: 5.287 GC heap after
{Heap after GC invocations=8 (full 0):
 garbage-first heap   total 251904K, used 47692K [0x0000000080000000, 0x0000000100000000)
  region size 1024K, 17 young (17408K), 17 survivors (17408K)
 Metaspace       used 51394K, capacity 52818K, committed 53040K, reserved 1095680K
  class space    used 6477K, capacity 7023K, committed 7040K, reserved 1048576K
}
Event: 5.939 GC heap before
{Heap before GC invocations=8 (full 0):
 garbage-first heap   total 251904K, used 99916K [0x0000000080000000, 0x0000000100000000)
  region size 1024K, 69 young (70656K), 17 survivors (17408K)
 Metaspace       used 58500K, capacity 60121K, committed 60208K, reserved 1101824K
  class space    used 7390K, capacity 8031K, committed 8064K, reserved 1048576K
}
Event: 5.954 GC heap after
{Heap after GC invocations=9 (full 0):
 garbage-first heap   total 251904K, used 50233K [0x0000000080000000, 0x0000000100000000)
  region size 1024K, 3 young (3072K), 3 survivors (3072K)
 Metaspace       used 58500K, capacity 60121K, committed 60208K, reserved 1101824K
  class space    used 7390K, capacity 8031K, committed 8064K, reserved 1048576K
}
Event: 7.108 GC heap before
{Heap before GC invocations=10 (full 0):
 garbage-first heap   total 251904K, used 159801K [0x0000000080000000, 0x0000000100000000)
  region size 1024K, 103 young (105472K), 3 survivors (3072K)
 Metaspace       used 67330K, capacity 69018K, committed 69276K, reserved 1110016K
  class space    used 8504K, capacity 9158K, committed 9196K, reserved 1048576K
}
Event: 7.114 GC heap after
{Heap after GC invocations=11 (full 0):
 garbage-first heap   total 251904K, used 56971K [0x0000000080000000, 0x0000000100000000)
  region size 1024K, 10 young (10240K), 10 survivors (10240K)
 Metaspace       used 67330K, capacity 69018K, committed 69276K, reserved 1110016K
  class space    used 8504K, capacity 9158K, committed 9196K, reserved 1048576K
}

