# JRE version: OpenJDK Runtime Environment (11.0.15) (build 11.0.15+0-b2043.56-9505619)
# Java VM: OpenJDK 64-Bit Server VM (11.0.15+0-b2043.56-9505619, mixed mode, tiered, compressed oops, g1 gc, windows-amd64)
Heap:
 garbage-first heap   total 413696K, used 298618K [0x0000000080000000, 0x0000000100000000)
  region size 1024K, 54 young (55296K), 9 survivors (9216K)
 Metaspace       used 142328K, capacity 147089K, committed 147228K, reserved 1177600K
  class space    used 17831K, capacity 19496K, committed 19564K, reserved 1048576K
GC Heap History (20 events):
Event: 155.059 GC heap before
{Heap before GC invocations=48 (full 0):
 garbage-first heap   total 251904K, used 224428K [0x0000000080000000, 0x0000000100000000)
  region size 1024K, 12 young (12288K), 1 survivors (1024K)
 Metaspace       used 120279K, capacity 123913K, committed 124188K, reserved 1157120K
  class space    used 15334K, capacity 16713K, committed 16748K, reserved 1048576K
}
Event: 155.062 GC heap after
{Heap after GC invocations=49 (full 0):
 garbage-first heap   total 306176K, used 214474K [0x0000000080000000, 0x0000000100000000)
  region size 1024K, 1 young (1024K), 1 survivors (1024K)
 Metaspace       used 120279K, capacity 123913K, committed 124188K, reserved 1157120K
  class space    used 15334K, capacity 16713K, committed 16748K, reserved 1048576K
}
Event: 155.261 GC heap before
{Heap before GC invocations=50 (full 0):
 garbage-first heap   total 306176K, used 247242K [0x0000000080000000, 0x0000000100000000)
  region size 1024K, 32 young (32768K), 1 survivors (1024K)
 Metaspace       used 122845K, capacity 126473K, committed 126748K, reserved 1159168K
  class space    used 15576K, capacity 16942K, committed 17004K, reserved 1048576K
}
Event: 155.263 GC heap after
{Heap after GC invocations=51 (full 0):
 garbage-first heap   total 306176K, used 215118K [0x0000000080000000, 0x0000000100000000)
  region size 1024K, 2 young (2048K), 2 survivors (2048K)
 Metaspace       used 122845K, capacity 126473K, committed 126748K, reserved 1159168K
  class space    used 15576K, capacity 16942K, committed 17004K, reserved 1048576K
}
Event: 155.675 GC heap before
{Heap before GC invocations=51 (full 0):
 garbage-first heap   total 306176K, used 247886K [0x0000000080000000, 0x0000000100000000)
  region size 1024K, 35 young (35840K), 2 survivors (2048K)
 Metaspace       used 126830K, capacity 130595K, committed 130844K, reserved 1163264K
  class space    used 16031K, capacity 17410K, committed 17516K, reserved 1048576K
}
Event: 155.679 GC heap after
{Heap after GC invocations=52 (full 0):
 garbage-first heap   total 306176K, used 218402K [0x0000000080000000, 0x0000000100000000)
  region size 1024K, 5 young (5120K), 5 survivors (5120K)
 Metaspace       used 126830K, capacity 130595K, committed 130844K, reserved 1163264K
  class space    used 16031K, capacity 17410K, committed 17516K, reserved 1048576K
}
Event: 156.898 GC heap before
{Heap before GC invocations=52 (full 0):
 garbage-first heap   total 306176K, used 252194K [0x0000000080000000, 0x0000000100000000)
  region size 1024K, 38 young (38912K), 5 survivors (5120K)
 Metaspace       used 130029K, capacity 133750K, committed 134044K, reserved 1165312K
  class space    used 16463K, capacity 17815K, committed 17900K, reserved 1048576K
}
Event: 156.904 GC heap after
{Heap after GC invocations=53 (full 0):
 garbage-first heap   total 306176K, used 221568K [0x0000000080000000, 0x0000000100000000)
  region size 1024K, 4 young (4096K), 4 survivors (4096K)
 Metaspace       used 130029K, capacity 133750K, committed 134044K, reserved 1165312K
  class space    used 16463K, capacity 17815K, committed 17900K, reserved 1048576K
}
Event: 157.339 GC heap before
{Heap before GC invocations=53 (full 0):
 garbage-first heap   total 306176K, used 254336K [0x0000000080000000, 0x0000000100000000)
  region size 1024K, 37 young (37888K), 4 survivors (4096K)
 Metaspace       used 130366K, capacity 134020K, committed 134044K, reserved 1165312K
  class space    used 16502K, capacity 17882K, committed 17900K, reserved 1048576K
}
Event: 157.349 GC heap after
{Heap after GC invocations=54 (full 0):
 garbage-first heap   total 413696K, used 224347K [0x0000000080000000, 0x0000000100000000)
  region size 1024K, 4 young (4096K), 4 survivors (4096K)
 Metaspace       used 130366K, capacity 134020K, committed 134044K, reserved 1165312K
  class space    used 16502K, capacity 17882K, committed 17900K, reserved 1048576K
}
Event: 158.562 GC heap before
{Heap before GC invocations=54 (full 0):
 garbage-first heap   total 413696K, used 310363K [0x0000000080000000, 0x0000000100000000)
  region size 1024K, 88 young (90112K), 4 survivors (4096K)
 Metaspace       used 133959K, capacity 137804K, committed 138140K, reserved 1169408K
  class space    used 16883K, capacity 18281K, committed 18412K, reserved 1048576K
}
Event: 158.569 GC heap after
{Heap after GC invocations=55 (full 0):
 garbage-first heap   total 413696K, used 229119K [0x0000000080000000, 0x0000000100000000)
  region size 1024K, 8 young (8192K), 8 survivors (8192K)
 Metaspace       used 133959K, capacity 137804K, committed 138140K, reserved 1169408K
  class space    used 16883K, capacity 18281K, committed 18412K, reserved 1048576K
}
Event: 165.857 GC heap before
{Heap before GC invocations=55 (full 0):
 garbage-first heap   total 413696K, used 318207K [0x0000000080000000, 0x0000000100000000)
  region size 1024K, 95 young (97280K), 8 survivors (8192K)
 Metaspace       used 135322K, capacity 139330K, committed 139548K, reserved 1171456K
  class space    used 17001K, capacity 18465K, committed 18540K, reserved 1048576K
}
Event: 165.869 GC heap after
{Heap after GC invocations=56 (full 0):
 garbage-first heap   total 413696K, used 237795K [0x0000000080000000, 0x0000000100000000)
  region size 1024K, 12 young (12288K), 12 survivors (12288K)
 Metaspace       used 135322K, capacity 139330K, committed 139548K, reserved 1171456K
  class space    used 17001K, capacity 18465K, committed 18540K, reserved 1048576K
}
Event: 186.220 GC heap before
{Heap before GC invocations=56 (full 0):
 garbage-first heap   total 413696K, used 324835K [0x0000000080000000, 0x0000000100000000)
  region size 1024K, 98 young (100352K), 12 survivors (12288K)
 Metaspace       used 137162K, capacity 141402K, committed 141596K, reserved 1171456K
  class space    used 17223K, capacity 18741K, committed 18796K, reserved 1048576K
}
Event: 186.234 GC heap after
{Heap after GC invocations=57 (full 0):
 garbage-first heap   total 413696K, used 246961K [0x0000000080000000, 0x0000000100000000)
  region size 1024K, 9 young (9216K), 9 survivors (9216K)
 Metaspace       used 137162K, capacity 141402K, committed 141596K, reserved 1171456K
  class space    used 17223K, capacity 18741K, committed 18796K, reserved 1048576K
}
Event: 188.101 GC heap before
{Heap before GC invocations=57 (full 0):
 garbage-first heap   total 413696K, used 331953K [0x0000000080000000, 0x0000000100000000)
  region size 1024K, 93 young (95232K), 9 survivors (9216K)
 Metaspace       used 139662K, capacity 144019K, committed 144156K, reserved 1175552K
  class space    used 17484K, capacity 19025K, committed 19052K, reserved 1048576K
}
Event: 188.108 GC heap after
{Heap after GC invocations=58 (full 0):
 garbage-first heap   total 413696K, used 250623K [0x0000000080000000, 0x0000000100000000)
  region size 1024K, 5 young (5120K), 5 survivors (5120K)
 Metaspace       used 139662K, capacity 144019K, committed 144156K, reserved 1175552K
  class space    used 17484K, capacity 19025K, committed 19052K, reserved 1048576K
}
Event: 190.879 GC heap before
{Heap before GC invocations=58 (full 0):
 garbage-first heap   total 413696K, used 337663K [0x0000000080000000, 0x0000000100000000)
  region size 1024K, 90 young (92160K), 5 survivors (5120K)
 Metaspace       used 140678K, capacity 145203K, committed 145308K, reserved 1175552K
  class space    used 17587K, capacity 19174K, committed 19180K, reserved 1048576K
}
Event: 190.885 GC heap after
{Heap after GC invocations=59 (full 0):
 garbage-first heap   total 413696K, used 254586K [0x0000000080000000, 0x0000000100000000)
  region size 1024K, 9 young (9216K), 9 survivors (9216K)
 Metaspace       used 140678K, capacity 145203K, committed 145308K, reserved 1175552K
  class space    used 17587K, capacity 19174K, committed 19180K, reserved 1048576K
}

