# JRE version: OpenJDK Runtime Environment (11.0.15) (build 11.0.15+0-b2043.56-9505619)
# Java VM: OpenJDK 64-Bit Server VM (11.0.15+0-b2043.56-9505619, mixed mode, tiered, compressed oops, g1 gc, windows-amd64)
Heap:
 garbage-first heap   total 251904K, used 157106K [0x0000000080000000, 0x0000000100000000)
  region size 1024K, 18 young (18432K), 8 survivors (8192K)
 Metaspace       used 133332K, capacity 137653K, committed 146716K, reserved 1173504K
  class space    used 16756K, capacity 18431K, committed 22124K, reserved 1048576K
GC Heap History (20 events):
Event: 261.057 GC heap before
{Heap before GC invocations=33 (full 0):
 garbage-first heap   total 251904K, used 138132K [0x0000000080000000, 0x0000000100000000)
  region size 1024K, 8 young (8192K), 1 survivors (1024K)
 Metaspace       used 131188K, capacity 135298K, committed 145308K, reserved 1173504K
  class space    used 16627K, capacity 18191K, committed 21996K, reserved 1048576K
}
Event: 261.061 GC heap after
{Heap after GC invocations=34 (full 0):
 garbage-first heap   total 251904K, used 133314K [0x0000000080000000, 0x0000000100000000)
  region size 1024K, 1 young (1024K), 1 survivors (1024K)
 Metaspace       used 131188K, capacity 135298K, committed 145308K, reserved 1173504K
  class space    used 16627K, capacity 18191K, committed 21996K, reserved 1048576K
}
Event: 309.942 GC heap before
{Heap before GC invocations=35 (full 0):
 garbage-first heap   total 251904K, used 218306K [0x0000000080000000, 0x0000000100000000)
  region size 1024K, 65 young (66560K), 1 survivors (1024K)
 Metaspace       used 131607K, capacity 135718K, committed 145564K, reserved 1173504K
  class space    used 16646K, capacity 18222K, committed 21996K, reserved 1048576K
}
Event: 309.949 GC heap after
{Heap after GC invocations=36 (full 0):
 garbage-first heap   total 251904K, used 140326K [0x0000000080000000, 0x0000000100000000)
  region size 1024K, 8 young (8192K), 8 survivors (8192K)
 Metaspace       used 131607K, capacity 135718K, committed 145564K, reserved 1173504K
  class space    used 16646K, capacity 18222K, committed 21996K, reserved 1048576K
}
Event: 309.971 GC heap before
{Heap before GC invocations=36 (full 0):
 garbage-first heap   total 251904K, used 144422K [0x0000000080000000, 0x0000000100000000)
  region size 1024K, 12 young (12288K), 8 survivors (8192K)
 Metaspace       used 131620K, capacity 135718K, committed 145564K, reserved 1173504K
  class space    used 16646K, capacity 18222K, committed 21996K, reserved 1048576K
}
Event: 309.979 GC heap after
{Heap after GC invocations=37 (full 0):
 garbage-first heap   total 251904K, used 140112K [0x0000000080000000, 0x0000000100000000)
  region size 1024K, 2 young (2048K), 2 survivors (2048K)
 Metaspace       used 131620K, capacity 135718K, committed 145564K, reserved 1173504K
  class space    used 16646K, capacity 18222K, committed 21996K, reserved 1048576K
}
Event: 326.201 GC heap before
{Heap before GC invocations=37 (full 0):
 garbage-first heap   total 251904K, used 200528K [0x0000000080000000, 0x0000000100000000)
  region size 1024K, 62 young (63488K), 2 survivors (2048K)
 Metaspace       used 131962K, capacity 136148K, committed 145948K, reserved 1173504K
  class space    used 16681K, capacity 18292K, committed 22124K, reserved 1048576K
}
Event: 326.210 GC heap after
{Heap after GC invocations=38 (full 0):
 garbage-first heap   total 251904K, used 142481K [0x0000000080000000, 0x0000000100000000)
  region size 1024K, 4 young (4096K), 4 survivors (4096K)
 Metaspace       used 131962K, capacity 136148K, committed 145948K, reserved 1173504K
  class space    used 16681K, capacity 18292K, committed 22124K, reserved 1048576K
}
Event: 338.451 GC heap before
{Heap before GC invocations=39 (full 0):
 garbage-first heap   total 251904K, used 221329K [0x0000000080000000, 0x0000000100000000)
  region size 1024K, 65 young (66560K), 4 survivors (4096K)
 Metaspace       used 132377K, capacity 136650K, committed 146204K, reserved 1173504K
  class space    used 16692K, capacity 18314K, committed 22124K, reserved 1048576K
}
Event: 338.459 GC heap after
{Heap after GC invocations=40 (full 0):
 garbage-first heap   total 251904K, used 144484K [0x0000000080000000, 0x0000000100000000)
  region size 1024K, 9 young (9216K), 9 survivors (9216K)
 Metaspace       used 132377K, capacity 136650K, committed 146204K, reserved 1173504K
  class space    used 16692K, capacity 18314K, committed 22124K, reserved 1048576K
}
Event: 338.489 GC heap before
{Heap before GC invocations=40 (full 0):
 garbage-first heap   total 251904K, used 147556K [0x0000000080000000, 0x0000000100000000)
  region size 1024K, 12 young (12288K), 9 survivors (9216K)
 Metaspace       used 132399K, capacity 136662K, committed 146204K, reserved 1173504K
  class space    used 16693K, capacity 18316K, committed 22124K, reserved 1048576K
}
Event: 338.500 GC heap after
{Heap after GC invocations=41 (full 0):
 garbage-first heap   total 251904K, used 138511K [0x0000000080000000, 0x0000000100000000)
  region size 1024K, 2 young (2048K), 2 survivors (2048K)
 Metaspace       used 132399K, capacity 136662K, committed 146204K, reserved 1173504K
  class space    used 16693K, capacity 18316K, committed 22124K, reserved 1048576K
}
Event: 440.980 GC heap before
{Heap before GC invocations=41 (full 0):
 garbage-first heap   total 251904K, used 203023K [0x0000000080000000, 0x0000000100000000)
  region size 1024K, 66 young (67584K), 2 survivors (2048K)
 Metaspace       used 132762K, capacity 137016K, committed 146204K, reserved 1173504K
  class space    used 16741K, capacity 18403K, committed 22124K, reserved 1048576K
}
Event: 440.990 GC heap after
{Heap after GC invocations=42 (full 0):
 garbage-first heap   total 251904K, used 142720K [0x0000000080000000, 0x0000000100000000)
  region size 1024K, 6 young (6144K), 6 survivors (6144K)
 Metaspace       used 132762K, capacity 137016K, committed 146204K, reserved 1173504K
  class space    used 16741K, capacity 18403K, committed 22124K, reserved 1048576K
}
Event: 441.593 GC heap before
{Heap before GC invocations=43 (full 0):
 garbage-first heap   total 251904K, used 205184K [0x0000000080000000, 0x0000000100000000)
  region size 1024K, 68 young (69632K), 6 survivors (6144K)
 Metaspace       used 132960K, capacity 137289K, committed 146460K, reserved 1173504K
  class space    used 16741K, capacity 18404K, committed 22124K, reserved 1048576K
}
Event: 441.604 GC heap after
{Heap after GC invocations=44 (full 0):
 garbage-first heap   total 251904K, used 149475K [0x0000000080000000, 0x0000000100000000)
  region size 1024K, 7 young (7168K), 7 survivors (7168K)
 Metaspace       used 132960K, capacity 137289K, committed 146460K, reserved 1173504K
  class space    used 16741K, capacity 18404K, committed 22124K, reserved 1048576K
}
Event: 441.637 GC heap before
{Heap before GC invocations=44 (full 0):
 garbage-first heap   total 251904K, used 153571K [0x0000000080000000, 0x0000000100000000)
  region size 1024K, 12 young (12288K), 7 survivors (7168K)
 Metaspace       used 132961K, capacity 137289K, committed 146460K, reserved 1173504K
  class space    used 16741K, capacity 18404K, committed 22124K, reserved 1048576K
}
Event: 441.649 GC heap after
{Heap after GC invocations=45 (full 0):
 garbage-first heap   total 251904K, used 140975K [0x0000000080000000, 0x0000000100000000)
  region size 1024K, 2 young (2048K), 2 survivors (2048K)
 Metaspace       used 132961K, capacity 137289K, committed 146460K, reserved 1173504K
  class space    used 16741K, capacity 18404K, committed 22124K, reserved 1048576K
}
Event: 474.913 GC heap before
{Heap before GC invocations=45 (full 0):
 garbage-first heap   total 251904K, used 203439K [0x0000000080000000, 0x0000000100000000)
  region size 1024K, 64 young (65536K), 2 survivors (2048K)
 Metaspace       used 133310K, capacity 137649K, committed 146716K, reserved 1173504K
  class space    used 16756K, capacity 18431K, committed 22124K, reserved 1048576K
}
Event: 474.929 GC heap after
{Heap after GC invocations=46 (full 0):
 garbage-first heap   total 251904K, used 148914K [0x0000000080000000, 0x0000000100000000)
  region size 1024K, 8 young (8192K), 8 survivors (8192K)
 Metaspace       used 133310K, capacity 137649K, committed 146716K, reserved 1173504K
  class space    used 16756K, capacity 18431K, committed 22124K, reserved 1048576K
}

